# JRE version: OpenJDK Runtime Environment Temurin-18.0.2.1+1 (18.0.2.1+1) (build 18.0.2.1+1)
# Java VM: OpenJDK 64-Bit Server VM Temurin-18.0.2.1+1 (18.0.2.1+1, mixed mode, sharing, tiered, compressed oops, compressed class ptrs, g1 gc, windows-amd64)
GC Precious Log:
 CardTable entry size: 512
 Card Set container configuration: InlinePtr #cards 5 size 8 Array Of Cards #cards 12 size 40 Howl #buckets 4 coarsen threshold 1843 Howl Bitmap #cards 512 size 80 coarsen threshold 460 Card regions per heap region 1 cards per card region 2048
 CPUs: 4 total, 4 available
 Memory: 16263M
 Large Page Support: Disabled
 NUMA Support: Disabled
 Compressed Oops: Enabled (32-bit)
 Heap Region Size: 1M
 Heap Min Capacity: 8M
 Heap Initial Capacity: 256M
 Heap Max Capacity: 2G
 Pre-touch: Disabled
 Parallel Workers: 4
 Concurrent Workers: 1
 Concurrent Refinement Workers: 4
 Periodic GC: Disabled
Heap:
 garbage-first heap   total 582656K, used 338843K [0x0000000080000000, 0x0000000100000000)
  region size 1024K, 32 young (32768K), 8 survivors (8192K)
 Metaspace       used 120860K, committed 123520K, reserved 1179648K
  class space    used 16204K, committed 17600K, reserved 1048576K
GC Heap History (20 events):
Event: 19.396 GC heap before
{Heap before GC invocations=42 (full 0):
 garbage-first heap   total 264192K, used 214864K [0x0000000080000000, 0x0000000100000000)
  region size 1024K, 62 young (63488K), 10 survivors (10240K)
 Metaspace       used 113500K, committed 116160K, reserved 1179648K
  class space    used 15363K, committed 16704K, reserved 1048576K
}
Event: 19.421 GC heap after
{Heap after GC invocations=43 (full 0):
 garbage-first heap   total 269312K, used 205719K [0x0000000080000000, 0x0000000100000000)
  region size 1024K, 8 young (8192K), 8 survivors (8192K)
 Metaspace       used 113500K, committed 116160K, reserved 1179648K
  class space    used 15363K, committed 16704K, reserved 1048576K
}
Event: 19.502 GC heap before
{Heap before GC invocations=43 (full 0):
 garbage-first heap   total 269312K, used 221079K [0x0000000080000000, 0x0000000100000000)
  region size 1024K, 22 young (22528K), 8 survivors (8192K)
 Metaspace       used 114015K, committed 116672K, reserved 1179648K
  class space    used 15415K, committed 16768K, reserved 1048576K
}
Event: 19.514 GC heap after
{Heap after GC invocations=44 (full 0):
 garbage-first heap   total 269312K, used 219136K [0x0000000080000000, 0x0000000100000000)
  region size 1024K, 3 young (3072K), 3 survivors (3072K)
 Metaspace       used 114015K, committed 116672K, reserved 1179648K
  class space    used 15415K, committed 16768K, reserved 1048576K
}
Event: 19.650 GC heap before
{Heap before GC invocations=44 (full 0):
 garbage-first heap   total 269312K, used 228352K [0x0000000080000000, 0x0000000100000000)
  region size 1024K, 13 young (13312K), 3 survivors (3072K)
 Metaspace       used 114572K, committed 117184K, reserved 1179648K
  class space    used 15482K, committed 16832K, reserved 1048576K
}
Event: 19.653 GC heap after
{Heap after GC invocations=45 (full 0):
 garbage-first heap   total 269312K, used 222356K [0x0000000080000000, 0x0000000100000000)
  region size 1024K, 2 young (2048K), 2 survivors (2048K)
 Metaspace       used 114572K, committed 117184K, reserved 1179648K
  class space    used 15482K, committed 16832K, reserved 1048576K
}
Event: 19.823 GC heap before
{Heap before GC invocations=45 (full 0):
 garbage-first heap   total 386048K, used 232596K [0x0000000080000000, 0x0000000100000000)
  region size 1024K, 13 young (13312K), 2 survivors (2048K)
 Metaspace       used 116146K, committed 118784K, reserved 1179648K
  class space    used 15744K, committed 17088K, reserved 1048576K
}
Event: 19.825 GC heap after
{Heap after GC invocations=46 (full 0):
 garbage-first heap   total 386048K, used 222153K [0x0000000080000000, 0x0000000100000000)
  region size 1024K, 1 young (1024K), 1 survivors (1024K)
 Metaspace       used 116146K, committed 118784K, reserved 1179648K
  class space    used 15744K, committed 17088K, reserved 1048576K
}
Event: 20.177 GC heap before
{Heap before GC invocations=47 (full 0):
 garbage-first heap   total 386048K, used 270281K [0x0000000080000000, 0x0000000100000000)
  region size 1024K, 48 young (49152K), 1 survivors (1024K)
 Metaspace       used 117238K, committed 120000K, reserved 1179648K
  class space    used 15829K, committed 17280K, reserved 1048576K
}
Event: 20.191 GC heap after
{Heap after GC invocations=48 (full 0):
 garbage-first heap   total 386048K, used 253338K [0x0000000080000000, 0x0000000100000000)
  region size 1024K, 6 young (6144K), 6 survivors (6144K)
 Metaspace       used 117238K, committed 120000K, reserved 1179648K
  class space    used 15829K, committed 17280K, reserved 1048576K
}
Event: 20.219 GC heap before
{Heap before GC invocations=48 (full 0):
 garbage-first heap   total 386048K, used 265626K [0x0000000080000000, 0x0000000100000000)
  region size 1024K, 18 young (18432K), 6 survivors (6144K)
 Metaspace       used 117238K, committed 120000K, reserved 1179648K
  class space    used 15829K, committed 17280K, reserved 1048576K
}
Event: 20.232 GC heap after
{Heap after GC invocations=49 (full 0):
 garbage-first heap   total 582656K, used 262144K [0x0000000080000000, 0x0000000100000000)
  region size 1024K, 3 young (3072K), 3 survivors (3072K)
 Metaspace       used 117238K, committed 120000K, reserved 1179648K
  class space    used 15829K, committed 17280K, reserved 1048576K
}
Event: 21.045 GC heap before
{Heap before GC invocations=49 (full 0):
 garbage-first heap   total 582656K, used 377856K [0x0000000080000000, 0x0000000100000000)
  region size 1024K, 114 young (116736K), 3 survivors (3072K)
 Metaspace       used 118970K, committed 121664K, reserved 1179648K
  class space    used 15992K, committed 17408K, reserved 1048576K
}
Event: 21.062 GC heap after
{Heap after GC invocations=50 (full 0):
 garbage-first heap   total 582656K, used 287744K [0x0000000080000000, 0x0000000100000000)
  region size 1024K, 15 young (15360K), 15 survivors (15360K)
 Metaspace       used 118970K, committed 121664K, reserved 1179648K
  class space    used 15992K, committed 17408K, reserved 1048576K
}
Event: 21.835 GC heap before
{Heap before GC invocations=50 (full 0):
 garbage-first heap   total 582656K, used 396288K [0x0000000080000000, 0x0000000100000000)
  region size 1024K, 122 young (124928K), 15 survivors (15360K)
 Metaspace       used 120547K, committed 123264K, reserved 1179648K
  class space    used 16166K, committed 17600K, reserved 1048576K
}
Event: 21.858 GC heap after
{Heap after GC invocations=51 (full 0):
 garbage-first heap   total 582656K, used 301568K [0x0000000080000000, 0x0000000100000000)
  region size 1024K, 13 young (13312K), 13 survivors (13312K)
 Metaspace       used 120547K, committed 123264K, reserved 1179648K
  class space    used 16166K, committed 17600K, reserved 1048576K
}
Event: 22.633 GC heap before
{Heap before GC invocations=51 (full 0):
 garbage-first heap   total 582656K, used 413184K [0x0000000080000000, 0x0000000100000000)
  region size 1024K, 123 young (125952K), 13 survivors (13312K)
 Metaspace       used 120576K, committed 123328K, reserved 1179648K
  class space    used 16167K, committed 17600K, reserved 1048576K
}
Event: 22.651 GC heap after
{Heap after GC invocations=52 (full 0):
 garbage-first heap   total 582656K, used 311296K [0x0000000080000000, 0x0000000100000000)
  region size 1024K, 9 young (9216K), 9 survivors (9216K)
 Metaspace       used 120576K, committed 123328K, reserved 1179648K
  class space    used 16167K, committed 17600K, reserved 1048576K
}
Event: 23.468 GC heap before
{Heap before GC invocations=52 (full 0):
 garbage-first heap   total 582656K, used 427008K [0x0000000080000000, 0x0000000100000000)
  region size 1024K, 123 young (125952K), 9 survivors (9216K)
 Metaspace       used 120640K, committed 123392K, reserved 1179648K
  class space    used 16172K, committed 17600K, reserved 1048576K
}
Event: 23.480 GC heap after
{Heap after GC invocations=53 (full 0):
 garbage-first heap   total 582656K, used 315291K [0x0000000080000000, 0x0000000100000000)
  region size 1024K, 8 young (8192K), 8 survivors (8192K)
 Metaspace       used 120640K, committed 123392K, reserved 1179648K
  class space    used 16172K, committed 17600K, reserved 1048576K
}

