# JRE version: OpenJDK Runtime Environment Temurin-18.0.2.1+1 (18.0.2.1+1) (build 18.0.2.1+1)
# Java VM: OpenJDK 64-Bit Server VM Temurin-18.0.2.1+1 (18.0.2.1+1, mixed mode, sharing, tiered, compressed oops, compressed class ptrs, g1 gc, windows-amd64)
GC Precious Log:
 CardTable entry size: 512
 Card Set container configuration: InlinePtr #cards 5 size 8 Array Of Cards #cards 12 size 40 Howl #buckets 4 coarsen threshold 1843 Howl Bitmap #cards 512 size 80 coarsen threshold 460 Card regions per heap region 1 cards per card region 2048
 CPUs: 4 total, 4 available
 Memory: 16263M
 Large Page Support: Disabled
 NUMA Support: Disabled
 Compressed Oops: Enabled (32-bit)
 Heap Region Size: 1M
 Heap Min Capacity: 8M
 Heap Initial Capacity: 256M
 Heap Max Capacity: 2G
 Pre-touch: Disabled
 Parallel Workers: 4
 Concurrent Workers: 1
 Concurrent Refinement Workers: 4
 Periodic GC: Disabled
Heap:
 garbage-first heap   total 464896K, used 392847K [0x0000000080000000, 0x0000000100000000)
  region size 1024K, 2 young (2048K), 2 survivors (2048K)
 Metaspace       used 191972K, committed 193472K, reserved 1245184K
  class space    used 24067K, committed 24832K, reserved 1048576K
GC Heap History (20 events):
Event: 4027.652 GC heap after
{Heap after GC invocations=84 (full 0):
 garbage-first heap   total 396288K, used 237568K [0x0000000080000000, 0x0000000100000000)
  region size 1024K, 3 young (3072K), 3 survivors (3072K)
 Metaspace       used 160289K, committed 165760K, reserved 1245184K
  class space    used 20461K, committed 22528K, reserved 1048576K
}
Event: 4028.711 GC heap before
{Heap before GC invocations=84 (full 0):
 garbage-first heap   total 396288K, used 253952K [0x0000000080000000, 0x0000000100000000)
  region size 1024K, 19 young (19456K), 3 survivors (3072K)
 Metaspace       used 160553K, committed 165760K, reserved 1245184K
  class space    used 20475K, committed 22528K, reserved 1048576K
}
Event: 4028.734 GC heap after
{Heap after GC invocations=85 (full 0):
 garbage-first heap   total 396288K, used 211968K [0x0000000080000000, 0x0000000100000000)
  region size 1024K, 3 young (3072K), 3 survivors (3072K)
 Metaspace       used 160553K, committed 165760K, reserved 1245184K
  class space    used 20475K, committed 22528K, reserved 1048576K
}
Event: 4029.290 GC heap before
{Heap before GC invocations=85 (full 0):
 garbage-first heap   total 396288K, used 228352K [0x0000000080000000, 0x0000000100000000)
  region size 1024K, 19 young (19456K), 3 survivors (3072K)
 Metaspace       used 161035K, committed 165760K, reserved 1245184K
  class space    used 20493K, committed 22528K, reserved 1048576K
}
Event: 4029.317 GC heap after
{Heap after GC invocations=86 (full 0):
 garbage-first heap   total 464896K, used 207360K [0x0000000080000000, 0x0000000100000000)
  region size 1024K, 3 young (3072K), 3 survivors (3072K)
 Metaspace       used 161035K, committed 165760K, reserved 1245184K
  class space    used 20493K, committed 22528K, reserved 1048576K
}
Event: 4032.133 GC heap before
{Heap before GC invocations=86 (full 0):
 garbage-first heap   total 464896K, used 333312K [0x0000000080000000, 0x0000000100000000)
  region size 1024K, 127 young (130048K), 3 survivors (3072K)
 Metaspace       used 167842K, committed 169984K, reserved 1245184K
  class space    used 21287K, committed 22720K, reserved 1048576K
}
Event: 4032.152 GC heap after
{Heap after GC invocations=87 (full 0):
 garbage-first heap   total 464896K, used 217600K [0x0000000080000000, 0x0000000100000000)
  region size 1024K, 13 young (13312K), 13 survivors (13312K)
 Metaspace       used 167842K, committed 169984K, reserved 1245184K
  class space    used 21287K, committed 22720K, reserved 1048576K
}
Event: 4034.139 GC heap before
{Heap before GC invocations=87 (full 0):
 garbage-first heap   total 464896K, used 343552K [0x0000000080000000, 0x0000000100000000)
  region size 1024K, 136 young (139264K), 13 survivors (13312K)
 Metaspace       used 171126K, committed 172928K, reserved 1245184K
  class space    used 21718K, committed 22848K, reserved 1048576K
}
Event: 4034.171 GC heap after
{Heap after GC invocations=88 (full 0):
 garbage-first heap   total 464896K, used 242688K [0x0000000080000000, 0x0000000100000000)
  region size 1024K, 17 young (17408K), 17 survivors (17408K)
 Metaspace       used 171126K, committed 172928K, reserved 1245184K
  class space    used 21718K, committed 22848K, reserved 1048576K
}
Event: 4046.173 GC heap before
{Heap before GC invocations=88 (full 0):
 garbage-first heap   total 464896K, used 358400K [0x0000000080000000, 0x0000000100000000)
  region size 1024K, 126 young (129024K), 17 survivors (17408K)
 Metaspace       used 176809K, committed 178368K, reserved 1245184K
  class space    used 22393K, committed 23168K, reserved 1048576K
}
Event: 4046.202 GC heap after
{Heap after GC invocations=89 (full 0):
 garbage-first heap   total 464896K, used 261632K [0x0000000080000000, 0x0000000100000000)
  region size 1024K, 16 young (16384K), 16 survivors (16384K)
 Metaspace       used 176809K, committed 178368K, reserved 1245184K
  class space    used 22393K, committed 23168K, reserved 1048576K
}
Event: 4048.011 GC heap before
{Heap before GC invocations=89 (full 0):
 garbage-first heap   total 464896K, used 368128K [0x0000000080000000, 0x0000000100000000)
  region size 1024K, 115 young (117760K), 16 survivors (16384K)
 Metaspace       used 188117K, committed 189632K, reserved 1245184K
  class space    used 23589K, committed 24320K, reserved 1048576K
}
Event: 4048.042 GC heap after
{Heap after GC invocations=90 (full 0):
 garbage-first heap   total 464896K, used 299008K [0x0000000080000000, 0x0000000100000000)
  region size 1024K, 15 young (15360K), 15 survivors (15360K)
 Metaspace       used 188117K, committed 189632K, reserved 1245184K
  class space    used 23589K, committed 24320K, reserved 1048576K
}
Event: 4048.658 GC heap before
{Heap before GC invocations=90 (full 0):
 garbage-first heap   total 464896K, used 365568K [0x0000000080000000, 0x0000000100000000)
  region size 1024K, 79 young (80896K), 15 survivors (15360K)
 Metaspace       used 191887K, committed 193408K, reserved 1245184K
  class space    used 24066K, committed 24832K, reserved 1048576K
}
Event: 4048.687 GC heap after
{Heap after GC invocations=91 (full 0):
 garbage-first heap   total 464896K, used 335360K [0x0000000080000000, 0x0000000100000000)
  region size 1024K, 10 young (10240K), 10 survivors (10240K)
 Metaspace       used 191887K, committed 193408K, reserved 1245184K
  class space    used 24066K, committed 24832K, reserved 1048576K
}
Event: 4048.875 GC heap before
{Heap before GC invocations=91 (full 0):
 garbage-first heap   total 464896K, used 375296K [0x0000000080000000, 0x0000000100000000)
  region size 1024K, 49 young (50176K), 10 survivors (10240K)
 Metaspace       used 191972K, committed 193472K, reserved 1245184K
  class space    used 24067K, committed 24832K, reserved 1048576K
}
Event: 4048.896 GC heap after
{Heap after GC invocations=92 (full 0):
 garbage-first heap   total 464896K, used 374272K [0x0000000080000000, 0x0000000100000000)
  region size 1024K, 7 young (7168K), 7 survivors (7168K)
 Metaspace       used 191972K, committed 193472K, reserved 1245184K
  class space    used 24067K, committed 24832K, reserved 1048576K
}
Event: 4048.922 GC heap before
{Heap before GC invocations=92 (full 0):
 garbage-first heap   total 464896K, used 389632K [0x0000000080000000, 0x0000000100000000)
  region size 1024K, 22 young (22528K), 7 survivors (7168K)
 Metaspace       used 191972K, committed 193472K, reserved 1245184K
  class space    used 24067K, committed 24832K, reserved 1048576K
}
Event: 4048.933 GC heap after
{Heap after GC invocations=93 (full 0):
 garbage-first heap   total 464896K, used 390144K [0x0000000080000000, 0x0000000100000000)
  region size 1024K, 3 young (3072K), 3 survivors (3072K)
 Metaspace       used 191972K, committed 193472K, reserved 1245184K
  class space    used 24067K, committed 24832K, reserved 1048576K
}
Event: 4048.936 GC heap before
{Heap before GC invocations=93 (full 0):
 garbage-first heap   total 464896K, used 391168K [0x0000000080000000, 0x0000000100000000)
  region size 1024K, 5 young (5120K), 3 survivors (3072K)
 Metaspace       used 191972K, committed 193472K, reserved 1245184K
  class space    used 24067K, committed 24832K, reserved 1048576K
}

